\BOOKMARK [1][]{section.1}{\376\377\0001\000\040\000\332\000k\000o\000l\000\040\0001}{}% 1
\BOOKMARK [2][]{subsection.1.1}{\376\377\0001\000.\0001\000\040\000O\000v\001\033\001\131\000e\000n\000\355\000\040\000h\000o\000m\000o\000g\000e\000n\000i\000t\000y}{section.1}% 2
\BOOKMARK [2][]{subsection.1.2}{\376\377\0001\000.\0002\000\040\000O\000v\001\033\001\131\000e\000n\000\355\000\040\000a\000d\000i\000t\000i\000v\000y}{section.1}% 3
\BOOKMARK [2][]{subsection.1.3}{\376\377\0001\000.\0003\000\040\000O\000V\001\033\001\131\000e\000n\000\355\000\040\001\015\000a\000s\000o\000v\000\351\000\040\000i\000n\000v\000a\000r\000i\000e\000n\000t\000n\000o\000s\000t\000i}{section.1}% 4
\BOOKMARK [2][]{subsection.1.4}{\376\377\0001\000.\0004\000\040\000V\000y\000h\000o\000d\000n\000o\000c\000e\000n\000\355}{section.1}% 5
\BOOKMARK [1][]{section.2}{\376\377\0002\000\040\000\332\000k\000o\000l\000\040\0002}{}% 6
\BOOKMARK [2][]{subsection.2.1}{\376\377\0002\000.\0001\000\040\000Z\000j\000i\001\141\000t\001\033\000n\000\355\000\040\000p\000a\000r\000a\000m\000e\000t\000r\001\157\000\040\000L\000T\000I\000\040\000s\000y\000s\000t\000\351\000m\000u}{section.2}% 7
\BOOKMARK [1][]{section.3}{\376\377\0003\000\040\000\332\000k\000o\000l\000\040\0003}{}% 8
\BOOKMARK [2][]{subsection.3.1}{\376\377\0003\000.\0001\000\040\000R\000e\000g\000u\000l\000a\000c\000e\000\040\000p\000o\000m\000o\000c\000\355\000\040\000s\000l\000o\001\176\000k\000y\000\040\000P}{section.3}% 9
\BOOKMARK [2][]{subsection.3.2}{\376\377\0003\000.\0002\000\040\000R\000e\000g\000u\000l\000a\000c\000e\000\040\000p\000o\000m\000o\000c\000\355\000\040\000s\000l\000o\001\176\000e\000k\000\040\000P\000D}{section.3}% 10
\BOOKMARK [2][]{subsection.3.3}{\376\377\0003\000.\0003\000\040\000R\000e\000g\000u\000l\000a\000c\000e\000\040\000p\000o\000m\000o\000c\000\355\000\040\000s\000l\000o\001\176\000e\000k\000\040\000P\000I}{section.3}% 11
\BOOKMARK [1][]{section.4}{\376\377\0004\000\040\000\332\000k\000o\000l\000\040\0004}{}% 12
\BOOKMARK [2][]{subsection.4.1}{\376\377\0004\000.\0001\000\040\000N\000a\000s\000t\000a\000v\000e\000n\000\355\000\040\000P\000I\000D\000\040\000p\000o\000m\000o\000c\000\355\000\040\000p\001\131\000e\000d\000e\001\141\000l\000\375\000c\000h\000\040\000h\000o\000d\000n\000o\000t}{section.4}% 13
\BOOKMARK [2][]{subsection.4.2}{\376\377\0004\000.\0002\000\040\000N\000a\000s\000t\000a\000v\000e\000n\000\355\000\040\000P\000I\000D\000\040\000p\000o\000d\000l\000e\000\040\000e\000x\000p\000e\000r\000i\000m\000e\000n\000t\000\341\000l\000n\001\033\000\040\000v\000y\000l\000a\000d\001\033\000n\000\375\000c\000h\000\040\000h\000o\000d\000n\000o\000t}{section.4}% 14
\BOOKMARK [1][]{section.5}{\376\377\0005\000\040\000\332\000k\000o\000l\000\040\0005}{}% 15
\BOOKMARK [2][]{subsection.5.1}{\376\377\0005\000.\0001\000\040\000P\000o\000r\000o\000v\000n\000\341\000n\000\355\000\040\000v\000l\000i\000v\000u\000\040\000P\000I\000D\000\040\000n\000a\000\040\000n\000e\000l\000i\000n\000e\000\341\000r\000n\000\355\000\040\000a\000\040\000L\000T\000I\000\040\000s\000y\000s\000t\000\351\000m}{section.5}% 16
\BOOKMARK [1][]{section.6}{\376\377\0006\000\040\000\332\000k\000o\000l\000\040\0006}{}% 17
\BOOKMARK [2][]{subsection.6.1}{\376\377\0006\000.\0001\000\040\000P\000o\000p\000i\000s\000\040\000b\000l\000o\000k\000u\000\040\000R\000e\000l\000a\000y\000\040\000s\000\040\000h\000y\000s\000t\000e\000r\000e\000z\000\355}{section.6}% 18
\BOOKMARK [2][]{subsection.6.2}{\376\377\0006\000.\0002\000\040\000R\000e\000a\000l\000i\000z\000a\000c\000e\000\040\000O\000N\000/\000O\000F\000F\000\040\000r\000e\000g\000u\000l\000a\000c\000e\000\040\000p\000o\000m\000o\000c\000\355\000\040\000b\000l\000o\000k\000u\000\040\000R\000e\000l\000a\000y\000\040\000s\000\040\000h\000y\000s\000t\000e\000r\000e\000z\000\355}{section.6}% 19
\BOOKMARK [2][]{subsection.6.3}{\376\377\0006\000.\0003\000\040\000P\000o\000r\000o\000v\000n\000\341\000n\000\355\000\040\000O\000N\000/\000O\000F\000F\000\040\000r\000e\000g\000u\000l\000\341\000t\000o\000r\000u\000\040\000s\000\040\000P\000I\000D\000\040\000r\000e\000g\000u\000l\000\341\000t\000o\000r\000e\000m}{section.6}% 20
\BOOKMARK [1][]{section.7}{\376\377\0007\000\040\000Z\000\341\000v\001\033\000r}{}% 21
